<?xml version="1.0" encoding="UTF-8"?>
<!-- Generated by org.testng.reporters.JUnitReportReporter -->
<testsuite hostname="Laxmis-MacBook-Pro.local" name="allLinksTestPackage.AllLinkTestClass" tests="1" failures="0" timestamp="13 Oct 2014 10:10:38 GMT" time="214.883" errors="0">
  <testcase name="AllLinksSmokeTest" time="214.883" classname="allLinksTestPackage.AllLinkTestClass"/>
</testsuite> <!-- allLinksTestPackage.AllLinkTestClass -->
